<?xml version="1.0" encoding="UTF-8"?>
<!-- Generated by org.testng.reporters.JUnitReportReporter -->
<testsuite hostname="DESKTOP-5DJG0VO" failures="0" tests="1" name="practice1.loginPageTest" time="23.185" errors="0" timestamp="2023-12-15T19:36:22 IST" skipped="0">
  <testcase classname="practice1.loginPageTest" name="LoginTest" time="23.185"/>
  <system-out/>
</testsuite> <!-- practice1.loginPageTest -->
